<?xml version="1.0" encoding="UTF-8"?>
<!-- Generated by org.testng.reporters.JUnitReportReporter -->
<testsuite hostname="HP-PCTDFHGJ" failures="0" tests="1" name="com.orangehrm.hybridframe_2021.testCases.DashboardTC01" time="15.202" errors="0" timestamp="2021-12-04T09:52:16 IST" skipped="0">
  <testcase classname="com.orangehrm.hybridframe_2021.testCases.DashboardTC01" name="logoutOrangeHRMTest" time="15.202"/>
  <system-out/>
</testsuite> <!-- com.orangehrm.hybridframe_2021.testCases.DashboardTC01 -->
