<?xml version="1.0" encoding="UTF-8"?>
<!-- Generated by org.testng.reporters.JUnitReportReporter -->
<testsuite hostname="HP-PCTDFHGJ" failures="0" tests="1" name="com.orangehrm.hybridframe_2021.testCases.DashboardTC" time="8.104" errors="0" timestamp="2021-12-04T10:27:12 IST" skipped="0">
  <testcase classname="com.orangehrm.hybridframe_2021.testCases.DashboardTC" name="logoutOrangeHRMTest" time="8.104"/>
  <system-out/>
</testsuite> <!-- com.orangehrm.hybridframe_2021.testCases.DashboardTC -->
