<?xml version="1.0" encoding="UTF-8"?>
<!-- Generated by org.testng.reporters.JUnitReportReporter -->
<testsuite hostname="HP-PCTDFHGJ" failures="0" tests="1" name="com.orangehrm.hybridframe_2021.testCases.LoginTC01" time="13.347" errors="0" timestamp="2021-12-05T10:05:29 IST" skipped="0">
  <testcase classname="com.orangehrm.hybridframe_2021.testCases.LoginTC01" name="loginToOrangeHrmTC01" time="13.347"/>
  <system-out/>
</testsuite> <!-- com.orangehrm.hybridframe_2021.testCases.LoginTC01 -->
