<?xml version="1.0" encoding="UTF-8"?>
<!-- Generated by org.testng.reporters.JUnitReportReporter -->
<testsuite hostname="HP-PCTDFHGJ" failures="0" tests="1" name="com.orangehrm.hybridframe_2021.testCases.LoginTC_01" time="6.834" errors="0" timestamp="2021-12-04T10:12:08 IST" skipped="0">
  <testcase classname="com.orangehrm.hybridframe_2021.testCases.LoginTC_01" name="loginToOrangeHrmTest" time="6.834"/>
  <system-out/>
</testsuite> <!-- com.orangehrm.hybridframe_2021.testCases.LoginTC_01 -->
